******* Course: 0 , ID: 75 *******
Course not accessible for course
******* Course: 1 , ID: 340 *******
Modules enabled for course
Assignments enabled for course
Quizzes enabled for course
******* Course: 2 , ID: 772 *******
Course not accessible for course
******* Course: 3 , ID: 810 *******
Course not accessible for course
******* Course: 4 , ID: 811 *******
Course not accessible for course
******* Course: 5 , ID: 828 *******
Course not accessible for course
******* Course: 6 , ID: 1003 *******
Modules enabled for course
Assignments enabled for course
******* Course: 7 , ID: 1060 *******
Modules enabled for course
Assignments enabled for course
******* Course: 8 , ID: 1086 *******
Course not accessible for course
******* Course: 9 , ID: 1150 *******
Course not accessible for course
******* Course: 10 , ID: 1198 *******
Course not accessible for course
******* Course: 11 , ID: 1297 *******
Course not accessible for course
******* Course: 12 , ID: 1317 *******
Course not accessible for course
******* Course: 13 , ID: 1402 *******
Modules enabled for course
Assignments enabled for course
******* Course: 14 , ID: 1460 *******
Course not accessible for course
******* Course: 15 , ID: 1961 *******
Course not accessible for course
******* Course: 16 , ID: 1969 *******
Files enabled for course
Modules enabled for course
******* Course: 17 , ID: 2026 *******
Course not accessible for course
******* Course: 18 , ID: 2435 *******
Modules enabled for course
Assignments enabled for course
******* Course: 19 , ID: 2610 *******
Modules enabled for course
Assignments enabled for course
******* Course: 20 , ID: 2857 *******
Course not accessible for course
******* Course: 21 , ID: 3143 *******
Course not accessible for course
******* Course: 22 , ID: 3166 *******
Course not accessible for course
******* Course: 23 , ID: 3249 *******
Course not accessible for course
******* Course: 24 , ID: 3473 *******
Modules enabled for course
Assignments enabled for course
******* Course: 25 , ID: 3662 *******
Modules enabled for course
******* Course: 26 , ID: 3828 *******
Course not accessible for course
******* Course: 27 , ID: 3837 *******
Course not accessible for course
******* Course: 28 , ID: 3942 *******
Course not accessible for course
******* Course: 29 , ID: 4486 *******
Course not accessible for course
******* Course: 30 , ID: 4580 *******
Modules enabled for course
Assignments enabled for course
Quizzes enabled for course
******* Course: 31 , ID: 4646 *******
Assignments enabled for course
******* Course: 32 , ID: 5557 *******
Modules enabled for course
Assignments enabled for course
******* Course: 33 , ID: 5721 *******
Course not accessible for course
******* Course: 34 , ID: 5797 *******
Modules enabled for course
Assignments enabled for course
******* Course: 35 , ID: 5977 *******
Course not accessible for course
******* Course: 36 , ID: 5983 *******
Course not accessible for course
******* Course: 37 , ID: 6235 *******
Course not accessible for course
******* Course: 38 , ID: 6607 *******
Course not accessible for course
******* Course: 39 , ID: 6899 *******
Modules enabled for course
Assignments enabled for course
******* Course: 40 , ID: 7106 *******
Course not accessible for course
******* Course: 41 , ID: 7577 *******
Course not accessible for course
******* Course: 42 , ID: 7672 *******
Course not accessible for course
******* Course: 43 , ID: 7983 *******
Modules enabled for course
Assignments enabled for course
******* Course: 44 , ID: 8015 *******
Course not accessible for course
******* Course: 45 , ID: 8475 *******
Course not accessible for course
******* Course: 46 , ID: 8923 *******
Modules enabled for course
Assignments enabled for course
******* Course: 47 , ID: 9833 *******
Modules enabled for course
Assignments enabled for course
Quizzes enabled for course
******* Course: 48 , ID: 9871 *******
Course not accessible for course
******* Course: 49 , ID: 10037 *******
Course not accessible for course
******* Course: 50 , ID: 10270 *******
Course not accessible for course
******* Course: 51 , ID: 10420 *******
Modules enabled for course
Assignments enabled for course
******* Course: 52 , ID: 10492 *******
Course not accessible for course
******* Course: 53 , ID: 10676 *******
Course not accessible for course
******* Course: 54 , ID: 10875 *******
Course not accessible for course
******* Course: 55 , ID: 10973 *******
Course not accessible for course
******* Course: 56 , ID: 11159 *******
Course not accessible for course
******* Course: 57 , ID: 12081 *******
Course not accessible for course
******* Course: 58 , ID: 12215 *******
Assignments enabled for course
******* Course: 59 , ID: 12415 *******
Course not accessible for course
******* Course: 60 , ID: 12706 *******
Course not accessible for course
******* Course: 61 , ID: 13400 *******
Course not accessible for course
******* Course: 62 , ID: 13542 *******
Course not accessible for course
******* Course: 63 , ID: 13610 *******
Modules enabled for course
Assignments enabled for course
Quizzes enabled for course
******* Course: 64 , ID: 13680 *******
Modules enabled for course
Assignments enabled for course
******* Course: 65 , ID: 13692 *******
Course not accessible for course
******* Course: 66 , ID: 13752 *******
Modules enabled for course
Assignments enabled for course
Quizzes enabled for course
******* Course: 67 , ID: 13986 *******
Assignments enabled for course
Pages enabled for course
******* Course: 68 , ID: 14001 *******
Files enabled for course
Modules enabled for course
Assignments enabled for course
Quizzes enabled for course
******* Course: 69 , ID: 14143 *******
Course not accessible for course
******* Course: 70 , ID: 14264 *******
Assignments enabled for course
******* Course: 71 , ID: 14918 *******
Modules enabled for course
Pages enabled for course
******* Course: 72 , ID: 15290 *******
Modules enabled for course
Assignments enabled for course
******* Course: 73 , ID: 15349 *******
Files enabled for course
Modules enabled for course
Assignments enabled for course
******* Course: 74 , ID: 15652 *******
Course not accessible for course
******* Course: 75 , ID: 15917 *******
Assignments enabled for course
******* Course: 76 , ID: 15920 *******
Course not accessible for course
******* Course: 77 , ID: 15923 *******
Course not accessible for course
******* Course: 78 , ID: 16376 *******
Course not accessible for course
******* Course: 79 , ID: 16378 *******
Files enabled for course
Assignments enabled for course
Pages enabled for course
******* Course: 80 , ID: 16546 *******
Modules enabled for course
Assignments enabled for course
******* Course: 81 , ID: 16633 *******
Course not accessible for course
******* Course: 82 , ID: 16734 *******
Course not accessible for course
******* Course: 83 , ID: 16746 *******
Modules enabled for course
Assignments enabled for course
******* Course: 84 , ID: 16849 *******
Course not accessible for course
******* Course: 85 , ID: 16883 *******
******* Course: 86 , ID: 17072 *******
Assignments enabled for course
******* Course: 87 , ID: 17147 *******
Modules enabled for course
Assignments enabled for course
******* Course: 88 , ID: 17197 *******
Course not accessible for course
******* Course: 89 , ID: 17316 *******
Files enabled for course
Modules enabled for course
Assignments enabled for course
Quizzes enabled for course
******* Course: 90 , ID: 17407 *******
Files enabled for course
Modules enabled for course
Assignments enabled for course
Pages enabled for course
******* Course: 91 , ID: 17687 *******
Course not accessible for course
******* Course: 92 , ID: 17926 *******
Course not accessible for course
******* Course: 93 , ID: 18565 *******
Modules enabled for course
Assignments enabled for course
******* Course: 94 , ID: 18804 *******
Files enabled for course
Modules enabled for course
Assignments enabled for course
Quizzes enabled for course
******* Course: 95 , ID: 18877 *******
Course not accessible for course
******* Course: 96 , ID: 19040 *******
Course not accessible for course
******* Course: 97 , ID: 19138 *******
Course not accessible for course
******* Course: 98 , ID: 19573 *******
Course not accessible for course
******* Course: 99 , ID: 19752 *******
Course not accessible for course
******* Course: 100 , ID: 19983 *******
Course not accessible for course
******* Course: 101 , ID: 20074 *******
Modules enabled for course
Assignments enabled for course
******* Course: 102 , ID: 20099 *******
Modules enabled for course
Assignments enabled for course
Quizzes enabled for course
******* Course: 103 , ID: 20192 *******
Modules enabled for course
******* Course: 104 , ID: 20231 *******
Modules enabled for course
Assignments enabled for course
Pages enabled for course
******* Course: 105 , ID: 20272 *******
Course not accessible for course
******* Course: 106 , ID: 20287 *******
Course not accessible for course
******* Course: 107 , ID: 20293 *******
Course not accessible for course
******* Course: 108 , ID: 20342 *******
Modules enabled for course
Assignments enabled for course
******* Course: 109 , ID: 20583 *******
Course not accessible for course
******* Course: 110 , ID: 20615 *******
Modules enabled for course
Assignments enabled for course
******* Course: 111 , ID: 20675 *******
Course not accessible for course
******* Course: 112 , ID: 20741 *******
Modules enabled for course
******* Course: 113 , ID: 20766 *******
Modules enabled for course
Assignments enabled for course
Quizzes enabled for course
******* Course: 114 , ID: 21073 *******
Course not accessible for course
******* Course: 115 , ID: 21108 *******
Course not accessible for course
******* Course: 116 , ID: 21295 *******
Course not accessible for course
******* Course: 117 , ID: 21402 *******
******* Course: 118 , ID: 21710 *******
Modules enabled for course
Assignments enabled for course
Quizzes enabled for course
******* Course: 119 , ID: 21865 *******
Modules enabled for course
Assignments enabled for course
******* Course: 120 , ID: 21909 *******
Modules enabled for course
Assignments enabled for course
Quizzes enabled for course
******* Course: 121 , ID: 23408 *******
Course not accessible for course
******* Course: 122 , ID: 23439 *******
Assignments enabled for course
Quizzes enabled for course
******* Course: 123 , ID: 24134 *******
Modules enabled for course
Assignments enabled for course
******* Course: 124 , ID: 24185 *******
Course not accessible for course
******* Course: 125 , ID: 24589 *******
Assignments enabled for course
******* Course: 126 , ID: 24669 *******
Course not accessible for course
******* Course: 127 , ID: 24672 *******
Course not accessible for course
******* Course: 128 , ID: 24676 *******
Course not accessible for course
******* Course: 129 , ID: 24681 *******
Course not accessible for course
******* Course: 130 , ID: 24716 *******
Course not accessible for course
******* Course: 131 , ID: 24898 *******
Course not accessible for course
******* Course: 132 , ID: 24945 *******
Course not accessible for course
******* Course: 133 , ID: 25081 *******
Files enabled for course
Modules enabled for course
Assignments enabled for course
******* Course: 134 , ID: 25112 *******
Modules enabled for course
Assignments enabled for course
******* Course: 135 , ID: 25213 *******
******* Course: 136 , ID: 25782 *******
Course not accessible for course
******* Course: 137 , ID: 25897 *******
Modules enabled for course
Assignments enabled for course
******* Course: 138 , ID: 25957 *******
Course not accessible for course
******* Course: 139 , ID: 26010 *******
Course not accessible for course
******* Course: 140 , ID: 26023 *******
Course not accessible for course
******* Course: 141 , ID: 26497 *******
Course not accessible for course
******* Course: 142 , ID: 26994 *******
Course not accessible for course
******* Course: 143 , ID: 27205 *******
Course not accessible for course
******* Course: 144 , ID: 27282 *******
Course not accessible for course
******* Course: 145 , ID: 27354 *******
Modules enabled for course
Assignments enabled for course
Pages enabled for course
******* Course: 146 , ID: 27508 *******
Files enabled for course
Modules enabled for course
Assignments enabled for course
Quizzes enabled for course
******* Course: 147 , ID: 27577 *******
Files enabled for course
Modules enabled for course
Assignments enabled for course
******* Course: 148 , ID: 27629 *******
Course not accessible for course
******* Course: 149 , ID: 27707 *******
Course not accessible for course
******* Course: 150 , ID: 27724 *******
Course not accessible for course
******* Course: 151 , ID: 27842 *******
Course not accessible for course
******* Course: 152 , ID: 27847 *******
Modules enabled for course
Assignments enabled for course
******* Course: 153 , ID: 28131 *******
Course not accessible for course
******* Course: 154 , ID: 28190 *******
Modules enabled for course
******* Course: 155 , ID: 28201 *******
Course not accessible for course
******* Course: 156 , ID: 28248 *******
Course not accessible for course
******* Course: 157 , ID: 28263 *******
Course not accessible for course
******* Course: 158 , ID: 28427 *******
Modules enabled for course
******* Course: 159 , ID: 28762 *******
Course not accessible for course
******* Course: 160 , ID: 28911 *******
Files enabled for course
Modules enabled for course
Assignments enabled for course
Quizzes enabled for course
******* Course: 161 , ID: 28949 *******
Files enabled for course
Modules enabled for course
Assignments enabled for course
******* Course: 162 , ID: 29519 *******
Assignments enabled for course
Quizzes enabled for course
******* Course: 163 , ID: 29547 *******
Course not accessible for course
******* Course: 164 , ID: 29550 *******
Course not accessible for course
******* Course: 165 , ID: 29845 *******
Modules enabled for course
Assignments enabled for course
Quizzes enabled for course
******* Course: 166 , ID: 30000 *******
Modules enabled for course
Assignments enabled for course
Quizzes enabled for course
******* Course: 167 , ID: 30505 *******
Course not accessible for course
******* Course: 168 , ID: 30712 *******
Course not accessible for course
******* Course: 169 , ID: 32060 *******
Modules enabled for course
Assignments enabled for course
******* Course: 170 , ID: 32118 *******
Course not accessible for course
******* Course: 171 , ID: 32226 *******
Course not accessible for course
******* Course: 172 , ID: 32304 *******
Modules enabled for course
Assignments enabled for course
******* Course: 173 , ID: 32351 *******
Modules enabled for course
Assignments enabled for course
******* Course: 174 , ID: 32898 *******
Course not accessible for course
******* Course: 175 , ID: 33186 *******
Files enabled for course
Modules enabled for course
Assignments enabled for course
******* Course: 176 , ID: 33209 *******
Course not accessible for course
******* Course: 177 , ID: 33355 *******
******* Course: 178 , ID: 33516 *******
Modules enabled for course
******* Course: 179 , ID: 33538 *******
Course not accessible for course
******* Course: 180 , ID: 33592 *******
Modules enabled for course
Assignments enabled for course
******* Course: 181 , ID: 33617 *******
Course not accessible for course
******* Course: 182 , ID: 33656 *******
Course not accessible for course
******* Course: 183 , ID: 33742 *******
Modules enabled for course
Assignments enabled for course
******* Course: 184 , ID: 33752 *******
Course not accessible for course
******* Course: 185 , ID: 33821 *******
Course not accessible for course
******* Course: 186 , ID: 33829 *******
Modules enabled for course
Assignments enabled for course
Quizzes enabled for course
******* Course: 187 , ID: 33848 *******
Modules enabled for course
Assignments enabled for course
Quizzes enabled for course
******* Course: 188 , ID: 34551 *******
******* Course: 189 , ID: 35057 *******
Course not accessible for course
******* Course: 190 , ID: 35295 *******
Modules enabled for course
Assignments enabled for course
******* Course: 191 , ID: 35332 *******
Course not accessible for course
******* Course: 192 , ID: 35720 *******
Assignments enabled for course
Quizzes enabled for course
******* Course: 193 , ID: 35727 *******
Course not accessible for course
******* Course: 194 , ID: 35735 *******
Assignments enabled for course
Quizzes enabled for course
******* Course: 195 , ID: 35777 *******
Course not accessible for course
******* Course: 196 , ID: 36187 *******
Course not accessible for course
******* Course: 197 , ID: 36390 *******
Course not accessible for course
******* Course: 198 , ID: 36545 *******
Course not accessible for course
******* Course: 199 , ID: 36663 *******
Course not accessible for course
******* Course: 200 , ID: 36699 *******
Course not accessible for course
******* Course: 201 , ID: 36953 *******
Assignments enabled for course
******* Course: 202 , ID: 37426 *******
Course not accessible for course
******* Course: 203 , ID: 37745 *******
Assignments enabled for course
******* Course: 204 , ID: 37856 *******
Course not accessible for course
******* Course: 205 , ID: 38193 *******
Course not accessible for course
******* Course: 206 , ID: 38422 *******
Modules enabled for course
Assignments enabled for course
******* Course: 207 , ID: 38483 *******
Course not accessible for course
******* Course: 208 , ID: 38527 *******
Course not accessible for course
******* Course: 209 , ID: 38529 *******
Files enabled for course
Assignments enabled for course
Quizzes enabled for course
******* Course: 210 , ID: 38672 *******
Course not accessible for course
******* Course: 211 , ID: 38748 *******
Course not accessible for course
******* Course: 212 , ID: 38767 *******
Course not accessible for course
******* Course: 213 , ID: 38842 *******
Modules enabled for course
Assignments enabled for course
Quizzes enabled for course
******* Course: 214 , ID: 38877 *******
Files enabled for course
Modules enabled for course
Assignments enabled for course
******* Course: 215 , ID: 38927 *******
Course not accessible for course
******* Course: 216 , ID: 39034 *******
Course not accessible for course
******* Course: 217 , ID: 39048 *******
Course not accessible for course
******* Course: 218 , ID: 39165 *******
Modules enabled for course
Assignments enabled for course
Quizzes enabled for course
******* Course: 219 , ID: 39186 *******
Modules enabled for course
Assignments enabled for course
******* Course: 220 , ID: 39192 *******
Course not accessible for course
******* Course: 221 , ID: 39217 *******
Course not accessible for course
******* Course: 222 , ID: 39267 *******
Course not accessible for course
******* Course: 223 , ID: 39358 *******
Files enabled for course
Modules enabled for course
Assignments enabled for course
******* Course: 224 , ID: 39485 *******
Modules enabled for course
******* Course: 225 , ID: 39546 *******
Course not accessible for course
******* Course: 226 , ID: 39547 *******
Course not accessible for course
******* Course: 227 , ID: 39548 *******
Course not accessible for course
******* Course: 228 , ID: 39549 *******
Course not accessible for course
******* Course: 229 , ID: 39785 *******
Modules enabled for course
******* Course: 230 , ID: 39875 *******
******* Course: 231 , ID: 39882 *******
******* Course: 232 , ID: 39883 *******
******* Course: 233 , ID: 39885 *******
******* Course: 234 , ID: 39893 *******
******* Course: 235 , ID: 39898 *******
******* Course: 236 , ID: 39901 *******
******* Course: 237 , ID: 39903 *******
******* Course: 238 , ID: 39904 *******
******* Course: 239 , ID: 39906 *******
******* Course: 240 , ID: 39910 *******
******* Course: 241 , ID: 39914 *******
******* Course: 242 , ID: 39919 *******
******* Course: 243 , ID: 39923 *******
******* Course: 244 , ID: 39928 *******
******* Course: 245 , ID: 39930 *******
******* Course: 246 , ID: 39940 *******
******* Course: 247 , ID: 39944 *******
******* Course: 248 , ID: 39947 *******
******* Course: 249 , ID: 39950 *******
******* Course: 250 , ID: 39951 *******
******* Course: 251 , ID: 39952 *******
******* Course: 252 , ID: 39954 *******
******* Course: 253 , ID: 39957 *******
******* Course: 254 , ID: 39962 *******
******* Course: 255 , ID: 40511 *******
Modules enabled for course
Assignments enabled for course
******* Course: 256 , ID: 40936 *******
Modules enabled for course
Assignments enabled for course
******* Course: 257 , ID: 41233 *******
Modules enabled for course
Assignments enabled for course
******* Course: 258 , ID: 41507 *******
Course not accessible for course
******* Course: 259 , ID: 41538 *******
Course not accessible for course
******* Course: 260 , ID: 41544 *******
Modules enabled for course
Assignments enabled for course
******* Course: 261 , ID: 41626 *******
Course not accessible for course
******* Course: 262 , ID: 41630 *******
Course not accessible for course
******* Course: 263 , ID: 42104 *******
Course not accessible for course
******* Course: 264 , ID: 42227 *******
Course not accessible for course
******* Course: 265 , ID: 42266 *******
Modules enabled for course
Assignments enabled for course
******* Course: 266 , ID: 42402 *******
Course not accessible for course
******* Course: 267 , ID: 42506 *******
******* Course: 268 , ID: 42518 *******
Assignments enabled for course
Quizzes enabled for course
******* Course: 269 , ID: 42538 *******
Assignments enabled for course
Quizzes enabled for course
******* Course: 270 , ID: 42991 *******
Course not accessible for course
******* Course: 271 , ID: 43700 *******
Course not accessible for course
******* Course: 272 , ID: 43886 *******
Course not accessible for course
******* Course: 273 , ID: 44490 *******
Modules enabled for course
Assignments enabled for course
Quizzes enabled for course
******* Course: 274 , ID: 44513 *******
Course not accessible for course
******* Course: 275 , ID: 44634 *******
Modules enabled for course
******* Course: 276 , ID: 44676 *******
Modules enabled for course
Assignments enabled for course
******* Course: 277 , ID: 44817 *******
Course not accessible for course
******* Course: 278 , ID: 44903 *******
Course not accessible for course
******* Course: 279 , ID: 44906 *******
Course not accessible for course
******* Course: 280 , ID: 44916 *******
Files enabled for course
Modules enabled for course
Assignments enabled for course
******* Course: 281 , ID: 44979 *******
Modules enabled for course
Assignments enabled for course
******* Course: 282 , ID: 44980 *******
Modules enabled for course
Assignments enabled for course
******* Course: 283 , ID: 45000 *******
Course not accessible for course
******* Course: 284 , ID: 45179 *******
Course not accessible for course
******* Course: 285 , ID: 45238 *******
Modules enabled for course
Assignments enabled for course
******* Course: 286 , ID: 45239 *******
Modules enabled for course
Assignments enabled for course
Quizzes enabled for course
******* Course: 287 , ID: 45272 *******
Course not accessible for course
******* Course: 288 , ID: 45435 *******
Course not accessible for course
******* Course: 289 , ID: 45636 *******
Course not accessible for course
******* Course: 290 , ID: 45890 *******
Course not accessible for course
******* Course: 291 , ID: 46249 *******
Modules enabled for course
Assignments enabled for course
******* Course: 292 , ID: 46416 *******
Course not accessible for course
******* Course: 293 , ID: 46588 *******
Modules enabled for course
******* Course: 294 , ID: 46663 *******
Modules enabled for course
Assignments enabled for course
******* Course: 295 , ID: 46846 *******
Course not accessible for course
******* Course: 296 , ID: 46896 *******
Modules enabled for course
Assignments enabled for course
******* Course: 297 , ID: 47279 *******
Modules enabled for course
Assignments enabled for course
Quizzes enabled for course
******* Course: 298 , ID: 47590 *******
Modules enabled for course
Assignments enabled for course
Pages enabled for course
******* Course: 299 , ID: 47667 *******
Course not accessible for course
******* Course: 300 , ID: 47732 *******
Course not accessible for course
******* Course: 301 , ID: 47743 *******
Modules enabled for course
Assignments enabled for course
Quizzes enabled for course
******* Course: 302 , ID: 48188 *******
Modules enabled for course
Assignments enabled for course
******* Course: 303 , ID: 48446 *******
Course not accessible for course
******* Course: 304 , ID: 48558 *******
Assignments enabled for course
******* Course: 305 , ID: 48561 *******
Course not accessible for course
******* Course: 306 , ID: 48661 *******
Course not accessible for course
******* Course: 307 , ID: 48984 *******
Modules enabled for course
Assignments enabled for course
******* Course: 308 , ID: 49377 *******
Course not accessible for course
******* Course: 309 , ID: 49576 *******
Course not accessible for course
******* Course: 310 , ID: 49639 *******
Course not accessible for course
******* Course: 311 , ID: 50155 *******
Assignments enabled for course
******* Course: 312 , ID: 50157 *******
Assignments enabled for course
******* Course: 313 , ID: 50536 *******
Course not accessible for course
******* Course: 314 , ID: 50757 *******
Course not accessible for course
******* Course: 315 , ID: 50818 *******
Course not accessible for course
******* Course: 316 , ID: 50954 *******
Course not accessible for course
******* Course: 317 , ID: 50955 *******
Modules enabled for course
Assignments enabled for course
******* Course: 318 , ID: 51025 *******
Course not accessible for course
******* Course: 319 , ID: 51029 *******
Course not accessible for course
******* Course: 320 , ID: 51051 *******
Assignments enabled for course
******* Course: 321 , ID: 51112 *******
Files enabled for course
Modules enabled for course
Assignments enabled for course
Pages enabled for course
******* Course: 322 , ID: 51179 *******
Modules enabled for course
Assignments enabled for course
******* Course: 323 , ID: 51189 *******
Files enabled for course
Modules enabled for course
Assignments enabled for course
Pages enabled for course
Quizzes enabled for course
******* Course: 324 , ID: 51406 *******
Modules enabled for course
Assignments enabled for course
******* Course: 325 , ID: 51498 *******
******* Course: 326 , ID: 51727 *******
Modules enabled for course
Assignments enabled for course
******* Course: 327 , ID: 51780 *******
Course not accessible for course
******* Course: 328 , ID: 52327 *******
Modules enabled for course
******* Course: 329 , ID: 52584 *******
Assignments enabled for course
******* Course: 330 , ID: 52774 *******
Course not accessible for course
******* Course: 331 , ID: 57498 *******
Modules enabled for course
Assignments enabled for course